/app/PetSitterApp/Pages/Authentication.razor(8,31): warning CS8618: Non-nullable property 'Action' must contain a non-null value when exiting constructor. Consider adding the 'required' modifier or declaring the property as nullable. [/app/PetSitterApp/PetSitterApp.csproj]
/app/PetSitterApp/Pages/Services.razor(56,14): warning CS8602: Dereference of a possibly null reference. [/app/PetSitterApp/PetSitterApp.csproj]
/app/PetSitterApp/Pages/CustomerDialog.razor(62,14): warning CS8602: Dereference of a possibly null reference. [/app/PetSitterApp/PetSitterApp.csproj]
/app/PetSitterApp/Pages/Customers.razor(108,14): warning CS8602: Dereference of a possibly null reference. [/app/PetSitterApp/PetSitterApp.csproj]
/app/PetSitterApp/Pages/Customers.razor(121,14): warning CS8602: Dereference of a possibly null reference. [/app/PetSitterApp/PetSitterApp.csproj]
/app/PetSitterApp/Pages/Services.razor(77,14): warning CS8602: Dereference of a possibly null reference. [/app/PetSitterApp/PetSitterApp.csproj]
/app/PetSitterApp/Pages/Appointments.razor(126,14): warning CS8602: Dereference of a possibly null reference. [/app/PetSitterApp/PetSitterApp.csproj]
/app/PetSitterApp/Pages/Appointments.razor(139,14): warning CS8602: Dereference of a possibly null reference. [/app/PetSitterApp/PetSitterApp.csproj]
/app/PetSitterApp/Services/SyncService.cs(121,32): warning CS8604: Possible null reference argument for parameter 'input' in 'Guid Guid.Parse(string input)'. [/app/PetSitterApp/PetSitterApp.csproj]
/app/PetSitterApp/Services/SyncService.cs(122,28): warning CS8601: Possible null reference assignment. [/app/PetSitterApp/PetSitterApp.csproj]
/app/PetSitterApp/Services/SyncService.cs(123,27): warning CS8601: Possible null reference assignment. [/app/PetSitterApp/PetSitterApp.csproj]
/app/PetSitterApp/Services/SyncService.cs(124,24): warning CS8601: Possible null reference assignment. [/app/PetSitterApp/PetSitterApp.csproj]
/app/PetSitterApp/Services/SyncService.cs(125,30): warning CS8601: Possible null reference assignment. [/app/PetSitterApp/PetSitterApp.csproj]
/app/PetSitterApp/Services/SyncService.cs(126,26): warning CS8601: Possible null reference assignment. [/app/PetSitterApp/PetSitterApp.csproj]
/app/PetSitterApp/Services/SyncService.cs(127,39): warning CS8604: Possible null reference argument for parameter 'value' in 'bool bool.Parse(string value)'. [/app/PetSitterApp/PetSitterApp.csproj]
/app/PetSitterApp/Services/SyncService.cs(128,61): warning CS8604: Possible null reference argument for parameter 's' in 'DateTime DateTime.Parse(string s, IFormatProvider? provider, DateTimeStyles styles)'. [/app/PetSitterApp/PetSitterApp.csproj]
/app/PetSitterApp/Services/SyncService.cs(129,42): warning CS8601: Possible null reference assignment. [/app/PetSitterApp/PetSitterApp.csproj]
/app/PetSitterApp/Services/SyncService.cs(137,31): warning CS8604: Possible null reference argument for parameter 'input' in 'Guid Guid.Parse(string input)'. [/app/PetSitterApp/PetSitterApp.csproj]
/app/PetSitterApp/Services/SyncService.cs(138,39): warning CS8604: Possible null reference argument for parameter 'input' in 'Guid Guid.Parse(string input)'. [/app/PetSitterApp/PetSitterApp.csproj]
/app/PetSitterApp/Services/SyncService.cs(139,22): warning CS8601: Possible null reference assignment. [/app/PetSitterApp/PetSitterApp.csproj]
/app/PetSitterApp/Services/SyncService.cs(140,25): warning CS8601: Possible null reference assignment. [/app/PetSitterApp/PetSitterApp.csproj]
/app/PetSitterApp/Services/SyncService.cs(141,23): warning CS8601: Possible null reference assignment. [/app/PetSitterApp/PetSitterApp.csproj]
/app/PetSitterApp/Services/SyncService.cs(142,23): warning CS8601: Possible null reference assignment. [/app/PetSitterApp/PetSitterApp.csproj]
/app/PetSitterApp/Services/SyncService.cs(143,61): warning CS8604: Possible null reference argument for parameter 's' in 'DateTime DateTime.Parse(string s, IFormatProvider? provider, DateTimeStyles styles)'. [/app/PetSitterApp/PetSitterApp.csproj]
/app/PetSitterApp/Services/SyncService.cs(151,31): warning CS8604: Possible null reference argument for parameter 'input' in 'Guid Guid.Parse(string input)'. [/app/PetSitterApp/PetSitterApp.csproj]
/app/PetSitterApp/Services/SyncService.cs(152,22): warning CS8601: Possible null reference assignment. [/app/PetSitterApp/PetSitterApp.csproj]
/app/PetSitterApp/Services/SyncService.cs(153,43): warning CS8604: Possible null reference argument for parameter 's' in 'decimal decimal.Parse(string s)'. [/app/PetSitterApp/PetSitterApp.csproj]
/app/PetSitterApp/Services/SyncService.cs(154,45): warning CS8604: Possible null reference argument for parameter 'value' in 'bool bool.Parse(string value)'. [/app/PetSitterApp/PetSitterApp.csproj]
/app/PetSitterApp/Services/SyncService.cs(155,39): warning CS8604: Possible null reference argument for parameter 'value' in 'bool bool.Parse(string value)'. [/app/PetSitterApp/PetSitterApp.csproj]
/app/PetSitterApp/Services/SyncService.cs(156,61): warning CS8604: Possible null reference argument for parameter 's' in 'DateTime DateTime.Parse(string s, IFormatProvider? provider, DateTimeStyles styles)'. [/app/PetSitterApp/PetSitterApp.csproj]
/app/PetSitterApp/Services/SyncService.cs(164,31): warning CS8604: Possible null reference argument for parameter 'input' in 'Guid Guid.Parse(string input)'. [/app/PetSitterApp/PetSitterApp.csproj]
/app/PetSitterApp/Services/SyncService.cs(165,39): warning CS8604: Possible null reference argument for parameter 'input' in 'Guid Guid.Parse(string input)'. [/app/PetSitterApp/PetSitterApp.csproj]
/app/PetSitterApp/Services/SyncService.cs(166,87): warning CS8604: Possible null reference argument for parameter 's' in 'DateTime DateTime.Parse(string s)'. [/app/PetSitterApp/PetSitterApp.csproj]
/app/PetSitterApp/Services/SyncService.cs(167,85): warning CS8604: Possible null reference argument for parameter 's' in 'DateTime DateTime.Parse(string s)'. [/app/PetSitterApp/PetSitterApp.csproj]
/app/PetSitterApp/Services/SyncService.cs(168,29): warning CS8601: Possible null reference assignment. [/app/PetSitterApp/PetSitterApp.csproj]
/app/PetSitterApp/Services/SyncService.cs(169,29): warning CS8601: Possible null reference assignment. [/app/PetSitterApp/PetSitterApp.csproj]
/app/PetSitterApp/Services/SyncService.cs(170,36): warning CS8604: Possible null reference argument for parameter 's' in 'decimal decimal.Parse(string s)'. [/app/PetSitterApp/PetSitterApp.csproj]
/app/PetSitterApp/Services/SyncService.cs(171,46): warning CS8604: Possible null reference argument for parameter 's' in 'decimal decimal.Parse(string s)'. [/app/PetSitterApp/PetSitterApp.csproj]
/app/PetSitterApp/Services/SyncService.cs(179,61): warning CS8604: Possible null reference argument for parameter 's' in 'DateTime DateTime.Parse(string s, IFormatProvider? provider, DateTimeStyles styles)'. [/app/PetSitterApp/PetSitterApp.csproj]
/app/PetSitterApp/Services/SyncService.cs(187,31): warning CS8604: Possible null reference argument for parameter 'input' in 'Guid Guid.Parse(string input)'. [/app/PetSitterApp/PetSitterApp.csproj]
/app/PetSitterApp/Services/SyncService.cs(188,42): warning CS8604: Possible null reference argument for parameter 'input' in 'Guid Guid.Parse(string input)'. [/app/PetSitterApp/PetSitterApp.csproj]
/app/PetSitterApp/Services/SyncService.cs(189,38): warning CS8604: Possible null reference argument for parameter 's' in 'decimal decimal.Parse(string s)'. [/app/PetSitterApp/PetSitterApp.csproj]
/app/PetSitterApp/Services/SyncService.cs(190,24): warning CS8601: Possible null reference assignment. [/app/PetSitterApp/PetSitterApp.csproj]
/app/PetSitterApp/Services/SyncService.cs(191,44): warning CS8604: Possible null reference argument for parameter 's' in 'DateTime DateTime.Parse(string s)'. [/app/PetSitterApp/PetSitterApp.csproj]
/app/PetSitterApp/Services/SyncService.cs(192,23): warning CS8601: Possible null reference assignment. [/app/PetSitterApp/PetSitterApp.csproj]
/app/PetSitterApp/Services/SyncService.cs(193,61): warning CS8604: Possible null reference argument for parameter 's' in 'DateTime DateTime.Parse(string s, IFormatProvider? provider, DateTimeStyles styles)'. [/app/PetSitterApp/PetSitterApp.csproj]
/app/PetSitterApp/Pages/AppointmentDialog.razor(172,14): warning CS8602: Dereference of a possibly null reference. [/app/PetSitterApp/PetSitterApp.csproj]
/app/PetSitterApp/Pages/PaymentDialog.razor(1,1): warning MUD0002: Illegal Attribute 'Editable' on 'MudSelect' using pattern 'LowerCase' source location '(150,16)-(150,72)' (https://mudblazor.com/features/analyzers) [/app/PetSitterApp/PetSitterApp.csproj]
/app/PetSitterApp/Pages/Customers.razor(1,1): warning MUD0002: Illegal Attribute 'Sortable' on 'MudDataGrid' using pattern 'LowerCase' source location '(741,8)-(741,67)' (https://mudblazor.com/features/analyzers) [/app/PetSitterApp/PetSitterApp.csproj]
/app/PetSitterApp/Layout/MainLayout.razor(1,1): warning MUD0002: Illegal Attribute 'Title' on 'MudIconButton' using pattern 'LowerCase' source location '(383,20)-(383,73)' (https://mudblazor.com/features/analyzers) [/app/PetSitterApp/PetSitterApp.csproj]
/app/PetSitterApp/Pages/Appointments.razor(1,1): warning MUD0002: Illegal Attribute 'Sortable' on 'MudDataGrid' using pattern 'LowerCase' source location '(789,8)-(789,67)' (https://mudblazor.com/features/analyzers) [/app/PetSitterApp/PetSitterApp.csproj]
info: Microsoft.Hosting.Lifetime[14]
      Now listening on: http://localhost:5000
info: Microsoft.Hosting.Lifetime[0]
      Application started. Press Ctrl+C to shut down.
info: Microsoft.Hosting.Lifetime[0]
      Hosting environment: Development
info: Microsoft.Hosting.Lifetime[0]
      Content root path: /app/PetSitterApp
info: Microsoft.Hosting.Lifetime[0]
      Application is shutting down...
