
Welcome to .NET 10.0!
---------------------
SDK Version: 10.0.100

----------------
Installed an ASP.NET Core HTTPS development certificate.
To trust the certificate, run 'dotnet dev-certs https --trust'
Learn about HTTPS: https://aka.ms/dotnet-https

----------------
Write your first app: https://aka.ms/dotnet-hello-world
Find out what's new: https://aka.ms/dotnet-whats-new
Explore documentation: https://aka.ms/dotnet-docs
Report issues and find source on GitHub: https://github.com/dotnet/core
Use 'dotnet --help' to see available commands or visit: https://aka.ms/dotnet-cli
--------------------------------------------------------------------------------------
/app/PetSitterApp/Pages/Authentication.razor(9,31): warning CS8618: Non-nullable property 'Action' must contain a non-null value when exiting constructor. Consider adding the 'required' modifier or declaring the property as nullable. [/app/PetSitterApp/PetSitterApp.csproj]
/app/PetSitterApp/Pages/AppointmentDialog.razor(89,37): warning CS8601: Possible null reference assignment. [/app/PetSitterApp/PetSitterApp.csproj]
/app/PetSitterApp/Pages/CustomerDialog.razor(62,14): warning CS8602: Dereference of a possibly null reference. [/app/PetSitterApp/PetSitterApp.csproj]
/app/PetSitterApp/Pages/Services.razor(56,14): warning CS8602: Dereference of a possibly null reference. [/app/PetSitterApp/PetSitterApp.csproj]
/app/PetSitterApp/Pages/Services.razor(77,14): warning CS8602: Dereference of a possibly null reference. [/app/PetSitterApp/PetSitterApp.csproj]
/app/PetSitterApp/Pages/Customers.razor(138,14): warning CS8602: Dereference of a possibly null reference. [/app/PetSitterApp/PetSitterApp.csproj]
/app/PetSitterApp/Pages/Appointments.razor(130,14): warning CS8602: Dereference of a possibly null reference. [/app/PetSitterApp/PetSitterApp.csproj]
/app/PetSitterApp/Pages/Customers.razor(151,14): warning CS8602: Dereference of a possibly null reference. [/app/PetSitterApp/PetSitterApp.csproj]
/app/PetSitterApp/Pages/Appointments.razor(143,14): warning CS8602: Dereference of a possibly null reference. [/app/PetSitterApp/PetSitterApp.csproj]
/app/PetSitterApp/Services/SyncService.cs(139,32): warning CS8604: Possible null reference argument for parameter 'input' in 'Guid Guid.Parse(string input)'. [/app/PetSitterApp/PetSitterApp.csproj]
/app/PetSitterApp/Services/SyncService.cs(140,28): warning CS8601: Possible null reference assignment. [/app/PetSitterApp/PetSitterApp.csproj]
/app/PetSitterApp/Services/SyncService.cs(141,27): warning CS8601: Possible null reference assignment. [/app/PetSitterApp/PetSitterApp.csproj]
/app/PetSitterApp/Services/SyncService.cs(142,24): warning CS8601: Possible null reference assignment. [/app/PetSitterApp/PetSitterApp.csproj]
/app/PetSitterApp/Services/SyncService.cs(143,30): warning CS8601: Possible null reference assignment. [/app/PetSitterApp/PetSitterApp.csproj]
/app/PetSitterApp/Services/SyncService.cs(144,26): warning CS8601: Possible null reference assignment. [/app/PetSitterApp/PetSitterApp.csproj]
/app/PetSitterApp/Services/SyncService.cs(145,39): warning CS8604: Possible null reference argument for parameter 'value' in 'bool bool.Parse(string value)'. [/app/PetSitterApp/PetSitterApp.csproj]
/app/PetSitterApp/Services/SyncService.cs(146,61): warning CS8604: Possible null reference argument for parameter 's' in 'DateTime DateTime.Parse(string s, IFormatProvider? provider, DateTimeStyles styles)'. [/app/PetSitterApp/PetSitterApp.csproj]
/app/PetSitterApp/Services/SyncService.cs(147,42): warning CS8601: Possible null reference assignment. [/app/PetSitterApp/PetSitterApp.csproj]
/app/PetSitterApp/Services/SyncService.cs(155,31): warning CS8604: Possible null reference argument for parameter 'input' in 'Guid Guid.Parse(string input)'. [/app/PetSitterApp/PetSitterApp.csproj]
/app/PetSitterApp/Services/SyncService.cs(156,39): warning CS8604: Possible null reference argument for parameter 'input' in 'Guid Guid.Parse(string input)'. [/app/PetSitterApp/PetSitterApp.csproj]
/app/PetSitterApp/Services/SyncService.cs(157,22): warning CS8601: Possible null reference assignment. [/app/PetSitterApp/PetSitterApp.csproj]
/app/PetSitterApp/Services/SyncService.cs(158,25): warning CS8601: Possible null reference assignment. [/app/PetSitterApp/PetSitterApp.csproj]
/app/PetSitterApp/Services/SyncService.cs(159,23): warning CS8601: Possible null reference assignment. [/app/PetSitterApp/PetSitterApp.csproj]
/app/PetSitterApp/Services/SyncService.cs(160,23): warning CS8601: Possible null reference assignment. [/app/PetSitterApp/PetSitterApp.csproj]
/app/PetSitterApp/Services/SyncService.cs(161,61): warning CS8604: Possible null reference argument for parameter 's' in 'DateTime DateTime.Parse(string s, IFormatProvider? provider, DateTimeStyles styles)'. [/app/PetSitterApp/PetSitterApp.csproj]
/app/PetSitterApp/Services/SyncService.cs(169,31): warning CS8604: Possible null reference argument for parameter 'input' in 'Guid Guid.Parse(string input)'. [/app/PetSitterApp/PetSitterApp.csproj]
/app/PetSitterApp/Services/SyncService.cs(170,22): warning CS8601: Possible null reference assignment. [/app/PetSitterApp/PetSitterApp.csproj]
/app/PetSitterApp/Services/SyncService.cs(171,43): warning CS8604: Possible null reference argument for parameter 's' in 'decimal decimal.Parse(string s)'. [/app/PetSitterApp/PetSitterApp.csproj]
/app/PetSitterApp/Services/SyncService.cs(172,45): warning CS8604: Possible null reference argument for parameter 'value' in 'bool bool.Parse(string value)'. [/app/PetSitterApp/PetSitterApp.csproj]
/app/PetSitterApp/Services/SyncService.cs(173,39): warning CS8604: Possible null reference argument for parameter 'value' in 'bool bool.Parse(string value)'. [/app/PetSitterApp/PetSitterApp.csproj]
/app/PetSitterApp/Services/SyncService.cs(174,61): warning CS8604: Possible null reference argument for parameter 's' in 'DateTime DateTime.Parse(string s, IFormatProvider? provider, DateTimeStyles styles)'. [/app/PetSitterApp/PetSitterApp.csproj]
/app/PetSitterApp/Services/SyncService.cs(182,31): warning CS8604: Possible null reference argument for parameter 'input' in 'Guid Guid.Parse(string input)'. [/app/PetSitterApp/PetSitterApp.csproj]
/app/PetSitterApp/Services/SyncService.cs(183,39): warning CS8604: Possible null reference argument for parameter 'input' in 'Guid Guid.Parse(string input)'. [/app/PetSitterApp/PetSitterApp.csproj]
/app/PetSitterApp/Services/SyncService.cs(184,87): warning CS8604: Possible null reference argument for parameter 's' in 'DateTime DateTime.Parse(string s)'. [/app/PetSitterApp/PetSitterApp.csproj]
/app/PetSitterApp/Services/SyncService.cs(185,85): warning CS8604: Possible null reference argument for parameter 's' in 'DateTime DateTime.Parse(string s)'. [/app/PetSitterApp/PetSitterApp.csproj]
/app/PetSitterApp/Services/SyncService.cs(186,29): warning CS8601: Possible null reference assignment. [/app/PetSitterApp/PetSitterApp.csproj]
/app/PetSitterApp/Services/SyncService.cs(187,29): warning CS8601: Possible null reference assignment. [/app/PetSitterApp/PetSitterApp.csproj]
/app/PetSitterApp/Services/SyncService.cs(188,36): warning CS8604: Possible null reference argument for parameter 's' in 'decimal decimal.Parse(string s)'. [/app/PetSitterApp/PetSitterApp.csproj]
/app/PetSitterApp/Services/SyncService.cs(189,46): warning CS8604: Possible null reference argument for parameter 's' in 'decimal decimal.Parse(string s)'. [/app/PetSitterApp/PetSitterApp.csproj]
/app/PetSitterApp/Services/SyncService.cs(197,61): warning CS8604: Possible null reference argument for parameter 's' in 'DateTime DateTime.Parse(string s, IFormatProvider? provider, DateTimeStyles styles)'. [/app/PetSitterApp/PetSitterApp.csproj]
/app/PetSitterApp/Services/SyncService.cs(198,58): warning CS8604: Possible null reference argument for parameter 'value' in 'bool bool.Parse(string value)'. [/app/PetSitterApp/PetSitterApp.csproj]
/app/PetSitterApp/Services/SyncService.cs(206,31): warning CS8604: Possible null reference argument for parameter 'input' in 'Guid Guid.Parse(string input)'. [/app/PetSitterApp/PetSitterApp.csproj]
/app/PetSitterApp/Services/SyncService.cs(207,42): warning CS8604: Possible null reference argument for parameter 'input' in 'Guid Guid.Parse(string input)'. [/app/PetSitterApp/PetSitterApp.csproj]
/app/PetSitterApp/Services/SyncService.cs(208,38): warning CS8604: Possible null reference argument for parameter 's' in 'decimal decimal.Parse(string s)'. [/app/PetSitterApp/PetSitterApp.csproj]
/app/PetSitterApp/Services/SyncService.cs(209,24): warning CS8601: Possible null reference assignment. [/app/PetSitterApp/PetSitterApp.csproj]
/app/PetSitterApp/Services/SyncService.cs(210,44): warning CS8604: Possible null reference argument for parameter 's' in 'DateTime DateTime.Parse(string s)'. [/app/PetSitterApp/PetSitterApp.csproj]
/app/PetSitterApp/Services/SyncService.cs(211,23): warning CS8601: Possible null reference assignment. [/app/PetSitterApp/PetSitterApp.csproj]
/app/PetSitterApp/Services/SyncService.cs(212,61): warning CS8604: Possible null reference argument for parameter 's' in 'DateTime DateTime.Parse(string s, IFormatProvider? provider, DateTimeStyles styles)'. [/app/PetSitterApp/PetSitterApp.csproj]
/app/PetSitterApp/Pages/AppointmentDialog.razor(189,14): warning CS8602: Dereference of a possibly null reference. [/app/PetSitterApp/PetSitterApp.csproj]
/app/PetSitterApp/Pages/AppointmentDialog.razor(74,22): warning CS8618: Non-nullable field '_selectedCustomer' must contain a non-null value when exiting constructor. Consider adding the 'required' modifier or declaring the field as nullable. [/app/PetSitterApp/PetSitterApp.csproj]
/app/PetSitterApp/Layout/MainLayout.razor(1,1): warning MUD0002: Illegal Attribute 'Title' on 'MudIconButton' using pattern 'LowerCase' source location '(383,20)-(383,73)' (https://mudblazor.com/features/analyzers) [/app/PetSitterApp/PetSitterApp.csproj]
/app/PetSitterApp/Pages/PaymentDialog.razor(1,1): warning MUD0002: Illegal Attribute 'Editable' on 'MudSelect' using pattern 'LowerCase' source location '(150,16)-(150,72)' (https://mudblazor.com/features/analyzers) [/app/PetSitterApp/PetSitterApp.csproj]
/app/PetSitterApp/Pages/Customers.razor(1,1): warning MUD0002: Illegal Attribute 'Sortable' on 'MudDataGrid' using pattern 'LowerCase' source location '(782,8)-(782,67)' (https://mudblazor.com/features/analyzers) [/app/PetSitterApp/PetSitterApp.csproj]
/app/PetSitterApp/Pages/Appointments.razor(1,1): warning MUD0002: Illegal Attribute 'Sortable' on 'MudDataGrid' using pattern 'LowerCase' source location '(804,8)-(804,67)' (https://mudblazor.com/features/analyzers) [/app/PetSitterApp/PetSitterApp.csproj]
info: Microsoft.Hosting.Lifetime[14]
      Now listening on: http://localhost:5000
info: Microsoft.Hosting.Lifetime[0]
      Application started. Press Ctrl+C to shut down.
info: Microsoft.Hosting.Lifetime[0]
      Hosting environment: Development
info: Microsoft.Hosting.Lifetime[0]
      Content root path: /app/PetSitterApp
